==== Cycle 1 ====

The method '[Method] java.lang.Object access$getClient(com.truvideo.sdk.core.LogFileUpload $this, java.lang.String region, java.lang.String poolId, kotlin.coroutines.Continuation $completion)' was removed because its name contains a dollar sign.
The method '[Method] java.lang.Object access$getTransferUtility(com.truvideo.sdk.core.LogFileUpload $this, android.content.Context context, com.amazonaws.services.s3.AmazonS3Client client, kotlin.coroutines.Continuation $completion)' was removed because its name contains a dollar sign.
The method '[Method] java.lang.Object access$authenticate(com.truvideo.sdk.core.examples.KotlinAuthExample $this, kotlin.coroutines.Continuation $completion)' was removed because its name contains a dollar sign.
The method '[Method] java.lang.Object authenticate$default(com.truvideo.sdk.core.interfaces.TruvideoSdk p0, java.lang.String p1, java.lang.String p2, java.lang.String p3, java.lang.Long p4, java.lang.Long p5, java.lang.String p6, kotlin.coroutines.Continuation p7, int p8, java.lang.Object p9)' was removed because its name contains a dollar sign.
The method '[Method] void authenticate$default(com.truvideo.sdk.core.interfaces.TruvideoSdk p0, java.lang.String p1, java.lang.String p2, java.lang.String p3, java.lang.String p4, com.truvideo.sdk.core.interfaces.TruvideoSdkCallback p5, int p6, java.lang.Object p7)' was removed because its name contains a dollar sign.
The method '[Method] java.lang.Object handleAuthentication$default(com.truvideo.sdk.core.interfaces.TruvideoSdk p0, java.lang.String p1, java.lang.String p2, com.truvideo.sdk.core.interfaces.TruvideoSdkSignatureProvider p3, com.truvideo.sdk.core.interfaces.TruvideoSdkCallback p4, kotlin.coroutines.Continuation p5, int p6, java.lang.Object p7)' was removed because its name contains a dollar sign.
The method '[Method] java.lang.Object handleAuthentication$default(com.truvideo.sdk.core.interfaces.TruvideoSdk p0, java.lang.String p1, java.lang.String p2, com.truvideo.sdk.core.interfaces.TruvideoSdkSignatureProvider p3, kotlin.coroutines.Continuation p4, int p5, java.lang.Object p6)' was removed because its name contains a dollar sign.
The method '[Method] java.lang.Object initAuthentication$default(com.truvideo.sdk.core.interfaces.TruvideoSdk p0, java.lang.Long p1, java.lang.Long p2, kotlin.coroutines.Continuation p3, int p4, java.lang.Object p5)' was removed because its name contains a dollar sign.
The method '[Method] truvideo.sdk.common.di.TruvideoSdkContainer access$getContainer$p(truvideo.sdk.common.TruvideoSdkCommonImpl $this)' was removed because its name contains a dollar sign.
The method '[Method] truvideo.sdk.common.TruvideoSdkContextProvider access$getInstance$cp()' was removed because its name contains a dollar sign.
The method '[Method] java.lang.Object get$default(truvideo.sdk.common.adapter.http.HttpAdapter p0, java.lang.String p1, java.util.Map p2, boolean p3, boolean p4, kotlin.coroutines.Continuation p5, int p6, java.lang.Object p7)' was removed because its name contains a dollar sign.
The method '[Method] java.lang.Object head$default(truvideo.sdk.common.adapter.http.HttpAdapter p0, java.lang.String p1, boolean p2, boolean p3, kotlin.coroutines.Continuation p4, int p5, java.lang.Object p6)' was removed because its name contains a dollar sign.
The method '[Method] java.lang.Object post$default(truvideo.sdk.common.adapter.http.HttpAdapter p0, java.lang.String p1, java.util.Map p2, java.lang.Object p3, boolean p4, boolean p5, kotlin.coroutines.Continuation p6, int p7, java.lang.Object p8)' was removed because its name contains a dollar sign.
The method '[Method] java.lang.Object access$execute(truvideo.sdk.common.adapter.http.HttpAdapterImpl $this, java.lang.String url, io.ktor.http.HttpMethod method, java.util.Map headers, java.lang.Object body, int retry, int maxRetry, boolean addLogs, kotlin.coroutines.Continuation $completion)' was removed because its name contains a dollar sign.
The method '[Method] java.lang.Object access$executeGet(truvideo.sdk.common.adapter.http.HttpAdapterImpl $this, java.lang.String url, java.util.Map headers, kotlin.coroutines.Continuation $completion)' was removed because its name contains a dollar sign.
The method '[Method] java.lang.Object access$executeHead(truvideo.sdk.common.adapter.http.HttpAdapterImpl $this, java.lang.String url, kotlin.coroutines.Continuation $completion)' was removed because its name contains a dollar sign.
The method '[Method] java.lang.Object access$executePost(truvideo.sdk.common.adapter.http.HttpAdapterImpl $this, java.lang.String url, java.util.Map headers, java.lang.Object body, kotlin.coroutines.Continuation $completion)' was removed because its name contains a dollar sign.
The method '[Method] void add$default(truvideo.sdk.common.adapter.log.LogAdapter p0, java.lang.String p1, java.lang.String p2, truvideo.sdk.common.model.TruvideoSdkLogSeverity p3, int p4, java.lang.Object p5)' was removed because its name contains a dollar sign.
The method '[Method] truvideo.sdk.common.di.TruvideoSdkContainer.authenticationProvider.2.1 access$getAuthenticationProvider(truvideo.sdk.common.di.TruvideoSdkContainer $this)' was removed because its name contains a dollar sign.
The method '[Method] truvideo.sdk.common.service.log.interfaces.LogServiceConnectivityProviderInterface access$getConnectivityProvider(truvideo.sdk.common.di.TruvideoSdkContainer $this)' was removed because its name contains a dollar sign.
The method '[Method] truvideo.sdk.common.di.TruvideoSdkContainer.ipProvider.2.1 access$getIpProvider(truvideo.sdk.common.di.TruvideoSdkContainer $this)' was removed because its name contains a dollar sign.
The method '[Method] truvideo.sdk.common.di.http.HttpContainer access$getHttpContainer$p(truvideo.sdk.common.di.connectivity.ConnectivityContainer $this)' was removed because its name contains a dollar sign.
The method '[Method] truvideo.sdk.common.di.log.LogContainer access$getLogContainer$p(truvideo.sdk.common.di.connectivity.ConnectivityContainer $this)' was removed because its name contains a dollar sign.
The method '[Method] truvideo.sdk.common.usecases.connectivity.IsOnlineUseCase access$isOnlineUseCase(truvideo.sdk.common.di.connectivity.ConnectivityContainer $this)' was removed because its name contains a dollar sign.
The method '[Method] truvideo.sdk.common.di.log.LogContainer access$getLogContainer$p(truvideo.sdk.common.di.http.HttpContainer $this)' was removed because its name contains a dollar sign.
The method '[Method] truvideo.sdk.common.model.TruvideoSdkConfiguration access$getConfiguration$p(truvideo.sdk.common.di.local_storage.LocalStorageContainer $this)' was removed because its name contains a dollar sign.
The method '[Method] truvideo.sdk.common.service.log.interfaces.LogServiceAuthenticationProviderInterface access$getAuthenticationProvider$p(truvideo.sdk.common.di.log.LogContainer $this)' was removed because its name contains a dollar sign.
The method '[Method] truvideo.sdk.common.model.TruvideoSdkConfiguration access$getConfiguration$p(truvideo.sdk.common.di.log.LogContainer $this)' was removed because its name contains a dollar sign.
The method '[Method] truvideo.sdk.common.service.log.interfaces.LogServiceConnectivityProviderInterface access$getConnectivityProvider$p(truvideo.sdk.common.di.log.LogContainer $this)' was removed because its name contains a dollar sign.
The method '[Method] truvideo.sdk.common.service.log.interfaces.LogServiceIpProviderInterface access$getIpProvider$p(truvideo.sdk.common.di.log.LogContainer $this)' was removed because its name contains a dollar sign.
The method '[Method] java.lang.Object invoke$default(truvideo.sdk.common.domain.usecases.RefreshTokenUseCase p0, java.lang.String p1, java.lang.String p2, java.lang.String p3, java.lang.String p4, java.lang.Long p5, java.lang.Long p6, kotlin.coroutines.Continuation p7, int p8, java.lang.Object p9)' was removed because its name contains a dollar sign.
The method '[Method] java.lang.Object invoke$default(truvideo.sdk.common.domain.usecases.RegisterDeviceUseCase p0, java.lang.String p1, java.lang.String p2, java.lang.String p3, java.lang.String p4, java.lang.String p5, java.lang.Long p6, java.lang.Long p7, java.lang.String p8, kotlin.coroutines.Continuation p9, int p10, java.lang.Object p11)' was removed because its name contains a dollar sign.
The method '[Method] truvideo.sdk.common.model.TruvideoJwtInfo copy$default(truvideo.sdk.common.model.TruvideoJwtInfo p0, java.lang.Long p1, boolean p2, int p3, java.lang.Object p4)' was removed because its name contains a dollar sign.
The method '[Method] kotlinx.datetime.Instant getExpirationDate()' was removed because the Java return type 'kotlinx.datetime.Instant' could not be found.
The constructor 'Constructor: truvideo.sdk.common.model.TruvideoSdkAuthentication.TruvideoSdkAuthentication' was removed because the Java parameter type 'kotlinx.serialization.internal.SerializationConstructorMarker' could not be found.
The method '[Method] kotlinx.serialization.json.Json access$getJsonConfig$cp()' was removed because its name contains a dollar sign.
The method '[Method] truvideo.sdk.common.model.TruvideoSdkAuthentication copy$default(truvideo.sdk.common.model.TruvideoSdkAuthentication p0, java.lang.String p1, java.lang.String p2, java.lang.String p3, int p4, java.lang.Object p5)' was removed because its name contains a dollar sign.
The method '[Method] void write$Self(truvideo.sdk.common.model.TruvideoSdkAuthentication self, kotlinx.serialization.encoding.CompositeEncoder output, kotlinx.serialization.descriptors.SerialDescriptor serialDesc)' was removed because its name contains a dollar sign.
The constructor 'Constructor: truvideo.sdk.common.model.TruvideoSdkConfiguration.TruvideoSdkConfiguration' was removed because the Java parameter type 'kotlinx.serialization.internal.SerializationConstructorMarker' could not be found.
The method '[Method] kotlinx.serialization.json.Json access$getJsonConfig$cp()' was removed because its name contains a dollar sign.
The method '[Method] truvideo.sdk.common.model.TruvideoSdkConfiguration copy$default(truvideo.sdk.common.model.TruvideoSdkConfiguration p0, boolean p1, int p2, long p3, truvideo.sdk.common.model.TruvideoSdkIpConfiguration p4, truvideo.sdk.common.model.TruvideoSdkLogConfiguration p5, java.lang.String p6, int p7, java.lang.Object p8)' was removed because its name contains a dollar sign.
The method '[Method] void write$Self(truvideo.sdk.common.model.TruvideoSdkConfiguration self, kotlinx.serialization.encoding.CompositeEncoder output, kotlinx.serialization.descriptors.SerialDescriptor serialDesc)' was removed because its name contains a dollar sign.
The constructor 'Constructor: truvideo.sdk.common.model.TruvideoSdkHttpErrorResponse.TruvideoSdkHttpErrorResponse' was removed because the Java parameter type 'kotlinx.serialization.internal.SerializationConstructorMarker' could not be found.
The method '[Method] kotlinx.serialization.json.Json access$getJsonConfig$cp()' was removed because its name contains a dollar sign.
The method '[Method] truvideo.sdk.common.model.TruvideoSdkHttpErrorResponse copy$default(truvideo.sdk.common.model.TruvideoSdkHttpErrorResponse p0, java.lang.String p1, java.lang.String p2, int p3, java.lang.String p4, java.lang.String p5, java.lang.String p6, java.lang.String p7, int p8, java.lang.Object p9)' was removed because its name contains a dollar sign.
The method '[Method] void write$Self(truvideo.sdk.common.model.TruvideoSdkHttpErrorResponse self, kotlinx.serialization.encoding.CompositeEncoder output, kotlinx.serialization.descriptors.SerialDescriptor serialDesc)' was removed because its name contains a dollar sign.
The method '[Method] truvideo.sdk.common.model.TruvideoSdkHttpResponse copy$default(truvideo.sdk.common.model.TruvideoSdkHttpResponse p0, int p1, java.lang.String p2, boolean p3, int p4, java.lang.Object p5)' was removed because its name contains a dollar sign.
The constructor 'Constructor: truvideo.sdk.common.model.TruvideoSdkIpConfiguration.TruvideoSdkIpConfiguration' was removed because the Java parameter type 'kotlinx.serialization.internal.SerializationConstructorMarker' could not be found.
The method '[Method] kotlinx.serialization.json.Json access$getJsonConfig$cp()' was removed because its name contains a dollar sign.
The method '[Method] truvideo.sdk.common.model.TruvideoSdkIpConfiguration copy$default(truvideo.sdk.common.model.TruvideoSdkIpConfiguration p0, long p1, boolean p2, int p3, java.lang.Object p4)' was removed because its name contains a dollar sign.
The method '[Method] void write$Self(truvideo.sdk.common.model.TruvideoSdkIpConfiguration self, kotlinx.serialization.encoding.CompositeEncoder output, kotlinx.serialization.descriptors.SerialDescriptor serialDesc)' was removed because its name contains a dollar sign.
The constructor 'Constructor: truvideo.sdk.common.model.TruvideoSdkIPResponse.TruvideoSdkIPResponse' was removed because the Java parameter type 'kotlinx.serialization.internal.SerializationConstructorMarker' could not be found.
The method '[Method] kotlinx.serialization.json.Json access$getJsonConfig$cp()' was removed because its name contains a dollar sign.
The method '[Method] truvideo.sdk.common.model.TruvideoSdkIPResponse copy$default(truvideo.sdk.common.model.TruvideoSdkIPResponse p0, java.lang.String p1, int p2, java.lang.Object p3)' was removed because its name contains a dollar sign.
The method '[Method] void write$Self(truvideo.sdk.common.model.TruvideoSdkIPResponse self, kotlinx.serialization.encoding.CompositeEncoder output, kotlinx.serialization.descriptors.SerialDescriptor serialDesc)' was removed because its name contains a dollar sign.
The method '[Method] truvideo.sdk.common.model.TruvideoSdkIpResult copy$default(truvideo.sdk.common.model.TruvideoSdkIpResult p0, java.lang.String p1, long p2, int p3, java.lang.Object p4)' was removed because its name contains a dollar sign.
The constructor 'Constructor: truvideo.sdk.common.model.TruvideoSdkLog.TruvideoSdkLog' was removed because the Java parameter type 'kotlinx.serialization.internal.SerializationConstructorMarker' could not be found.
The method '[Method] kotlinx.serialization.KSerializer[] access$get$childSerializers$cp()' was removed because its name contains a dollar sign.
The method '[Method] kotlinx.serialization.json.Json access$getJsonConfig$cp()' was removed because its name contains a dollar sign.
The method '[Method] truvideo.sdk.common.model.TruvideoSdkLog copy$default(truvideo.sdk.common.model.TruvideoSdkLog p0, java.lang.String p1, java.lang.String p2, truvideo.sdk.common.model.TruvideoSdkLogSeverity p3, truvideo.sdk.common.model.TruvideoSdkLogModule p4, java.lang.String p5, int p6, java.lang.Object p7)' was removed because its name contains a dollar sign.
The method '[Method] void write$Self(truvideo.sdk.common.model.TruvideoSdkLog self, kotlinx.serialization.encoding.CompositeEncoder output, kotlinx.serialization.descriptors.SerialDescriptor serialDesc)' was removed because its name contains a dollar sign.
The constructor 'Constructor: truvideo.sdk.common.model.TruvideoSdkLogConfiguration.TruvideoSdkLogConfiguration' was removed because the Java parameter type 'kotlinx.serialization.internal.SerializationConstructorMarker' could not be found.
The method '[Method] kotlinx.serialization.KSerializer[] access$get$childSerializers$cp()' was removed because its name contains a dollar sign.
The method '[Method] kotlinx.serialization.json.Json access$getJsonConfig$cp()' was removed because its name contains a dollar sign.
The method '[Method] truvideo.sdk.common.model.TruvideoSdkLogConfiguration copy$default(truvideo.sdk.common.model.TruvideoSdkLogConfiguration p0, long p1, long p2, boolean p3, boolean p4, truvideo.sdk.common.model.TruvideoSdkLogSeverity p5, long p6, int p7, long p8, int p9, java.lang.Object p10)' was removed because its name contains a dollar sign.
The method '[Method] void write$Self(truvideo.sdk.common.model.TruvideoSdkLogConfiguration self, kotlinx.serialization.encoding.CompositeEncoder output, kotlinx.serialization.descriptors.SerialDescriptor serialDesc)' was removed because its name contains a dollar sign.
The constructor 'Constructor: truvideo.sdk.common.model.TruvideoSdkLogCsv.TruvideoSdkLogCsv' was removed because the Java parameter type 'kotlinx.serialization.internal.SerializationConstructorMarker' could not be found.
The method '[Method] kotlinx.serialization.KSerializer[] access$get$childSerializers$cp()' was removed because its name contains a dollar sign.
The method '[Method] java.lang.String access$getFormattedColumns$cp()' was removed because its name contains a dollar sign.
The method '[Method] kotlinx.serialization.json.Json access$getJsonConfig$cp()' was removed because its name contains a dollar sign.
The method '[Method] truvideo.sdk.common.model.TruvideoSdkLogCsv copy$default(truvideo.sdk.common.model.TruvideoSdkLogCsv p0, java.lang.String p1, java.lang.String p2, long p3, java.lang.String p4, java.lang.String p5, java.lang.String p6, java.lang.String p7, java.lang.String p8, java.lang.String p9, java.lang.String p10, java.lang.String p11, java.lang.Long p12, truvideo.sdk.common.model.TruvideoSdkNetworkType p13, boolean p14, java.lang.String p15, java.lang.String p16, truvideo.sdk.common.model.TruvideoSdkLogSeverity p17, int p18, java.lang.Object p19)' was removed because its name contains a dollar sign.
The method '[Method] void write$Self(truvideo.sdk.common.model.TruvideoSdkLogCsv self, kotlinx.serialization.encoding.CompositeEncoder output, kotlinx.serialization.descriptors.SerialDescriptor serialDesc)' was removed because its name contains a dollar sign.
The constructor 'Constructor: truvideo.sdk.common.model.TruvideoSdkSettings.TruvideoSdkSettings' was removed because the Java parameter type 'kotlinx.serialization.internal.SerializationConstructorMarker' could not be found.
The method '[Method] kotlinx.serialization.json.Json access$getJsonConfig$cp()' was removed because its name contains a dollar sign.
The method '[Method] truvideo.sdk.common.model.TruvideoSdkSettings copy$default(truvideo.sdk.common.model.TruvideoSdkSettings p0, boolean p1, boolean p2, truvideo.sdk.common.model.TruvideoSdkStorageCredentials p3, int p4, java.lang.Object p5)' was removed because its name contains a dollar sign.
The method '[Method] void write$Self(truvideo.sdk.common.model.TruvideoSdkSettings self, kotlinx.serialization.encoding.CompositeEncoder output, kotlinx.serialization.descriptors.SerialDescriptor serialDesc)' was removed because its name contains a dollar sign.
The constructor 'Constructor: truvideo.sdk.common.model.TruvideoSdkStorageCredentials.TruvideoSdkStorageCredentials' was removed because the Java parameter type 'kotlinx.serialization.internal.SerializationConstructorMarker' could not be found.
The method '[Method] kotlinx.serialization.json.Json access$getJsonConfig$cp()' was removed because its name contains a dollar sign.
The method '[Method] truvideo.sdk.common.model.TruvideoSdkStorageCredentials copy$default(truvideo.sdk.common.model.TruvideoSdkStorageCredentials p0, java.lang.String p1, java.lang.String p2, java.lang.String p3, java.lang.String p4, java.lang.String p5, java.lang.String p6, java.lang.String p7, java.lang.String p8, int p9, java.lang.Object p10)' was removed because its name contains a dollar sign.
The method '[Method] void write$Self(truvideo.sdk.common.model.TruvideoSdkStorageCredentials self, kotlinx.serialization.encoding.CompositeEncoder output, kotlinx.serialization.descriptors.SerialDescriptor serialDesc)' was removed because its name contains a dollar sign.
The constructor 'Constructor: truvideo.sdk.common.model.TruvideoSdkTokenData.TruvideoSdkTokenData' was removed because the Java parameter type 'kotlinx.serialization.internal.SerializationConstructorMarker' could not be found.
The method '[Method] kotlinx.serialization.json.Json access$getJsonConfig$cp()' was removed because its name contains a dollar sign.
The method '[Method] truvideo.sdk.common.model.TruvideoSdkTokenData copy$default(truvideo.sdk.common.model.TruvideoSdkTokenData p0, java.lang.Long p1, int p2, java.lang.Object p3)' was removed because its name contains a dollar sign.
The method '[Method] void write$Self(truvideo.sdk.common.model.TruvideoSdkTokenData self, kotlinx.serialization.encoding.CompositeEncoder output, kotlinx.serialization.descriptors.SerialDescriptor serialDesc)' was removed because its name contains a dollar sign.
The method '[Method] java.lang.Object authenticate$default(truvideo.sdk.common.service.auth.AuthService p0, java.lang.String p1, java.lang.String p2, java.lang.String p3, java.lang.String p4, java.lang.Long p5, java.lang.Long p6, java.lang.String p7, kotlin.coroutines.Continuation p8, int p9, java.lang.Object p10)' was removed because its name contains a dollar sign.
The method '[Method] java.lang.Object init$default(truvideo.sdk.common.service.auth.AuthService p0, java.lang.Long p1, java.lang.Long p2, boolean p3, kotlin.coroutines.Continuation p4, int p5, java.lang.Object p6)' was removed because its name contains a dollar sign.
The method '[Method] java.lang.Object refresh$default(truvideo.sdk.common.service.auth.AuthService p0, java.lang.Long p1, java.lang.Long p2, boolean p3, kotlin.coroutines.Continuation p4, int p5, java.lang.Object p6)' was removed because its name contains a dollar sign.
The method '[Method] java.lang.Object get$default(truvideo.sdk.common.service.http.HttpService p0, java.lang.String p1, java.util.Map p2, boolean p3, kotlin.coroutines.Continuation p4, int p5, java.lang.Object p6)' was removed because its name contains a dollar sign.
The method '[Method] java.lang.Object post$default(truvideo.sdk.common.service.http.HttpService p0, java.lang.String p1, java.util.Map p2, java.lang.Object p3, boolean p4, kotlin.coroutines.Continuation p5, int p6, java.lang.Object p7)' was removed because its name contains a dollar sign.
The method '[Method] java.lang.Object access$execute(truvideo.sdk.common.service.http.HttpServiceImpl $this, java.lang.String url, io.ktor.http.HttpMethod method, java.util.Map headers, java.lang.Object body, boolean retry, kotlin.coroutines.Continuation $completion)' was removed because its name contains a dollar sign.
The method '[Method] truvideo.sdk.common.usecases.ip.FetchIpUseCase access$getFetchIpUseCase$p(truvideo.sdk.common.service.ip.IpServiceImpl $this)' was removed because its name contains a dollar sign.
The method '[Method] long access$getInterval(truvideo.sdk.common.service.ip.IpServiceImpl $this)' was removed because its name contains a dollar sign.
The method '[Method] truvideo.sdk.common.repository.ip.IpRepository access$getIpRepository$p(truvideo.sdk.common.service.ip.IpServiceImpl $this)' was removed because its name contains a dollar sign.
The method '[Method] java.lang.String access$getUrl$p(truvideo.sdk.common.service.ip.IpServiceImpl $this)' was removed because its name contains a dollar sign.
The method '[Method] void sync$default(truvideo.sdk.common.service.log.LogService p0, boolean p1, int p2, java.lang.Object p3)' was removed because its name contains a dollar sign.
The method '[Method] truvideo.sdk.common.repository.log.LogRepository access$getLogRepository$p(truvideo.sdk.common.service.log.LogServiceImpl $this)' was removed because its name contains a dollar sign.
The method '[Method] java.lang.Object access$processAppendLogToBufferFile(truvideo.sdk.common.service.log.LogServiceImpl $this, java.util.List logs, kotlin.coroutines.Continuation $completion)' was removed because its name contains a dollar sign.
The method '[Method] java.lang.Object access$processFile(truvideo.sdk.common.service.log.LogServiceImpl $this, java.lang.String path, kotlin.coroutines.Continuation $completion)' was removed because its name contains a dollar sign.
The method '[Method] java.lang.Object access$processStartService(truvideo.sdk.common.service.log.LogServiceImpl $this, boolean includeErrorFiles, kotlin.coroutines.Continuation $completion)' was removed because its name contains a dollar sign.
The method '[Method] java.lang.Object access$uploadFile(truvideo.sdk.common.service.log.LogServiceImpl $this, java.lang.String path, kotlin.coroutines.Continuation $completion)' was removed because its name contains a dollar sign.
The method '[Method] java.lang.Object access$valid(truvideo.sdk.common.service.log.LogServiceImpl $this, kotlin.coroutines.Continuation $completion)' was removed because its name contains a dollar sign.
The field '[Field] truvideo.sdk.common.service.log.LogServiceImpl.WhenMappings.$EnumSwitchMapping$0' was removed because its name contains a dollar sign.
The method '[Method] truvideo.sdk.common.util.ApplicationForegroundCheckerUtil access$getInstance$cp()' was removed because its name contains a dollar sign.
The method '[Method] void access$setAppInForeground$p(truvideo.sdk.common.util.ApplicationForegroundCheckerUtil $this, boolean <set-?>)' was removed because its name contains a dollar sign.
The method '[Method] void init$shared_debug()' was removed because its name contains a dollar sign.
The method '[Method] truvideo.sdk.common.util.FileUtil access$getInstance$cp()' was removed because its name contains a dollar sign.
The method '[Method] java.lang.String getFileName$default(truvideo.sdk.common.util.FileUtil p0, java.lang.String p1, boolean p2, int p3, java.lang.Object p4)' was removed because its name contains a dollar sign.
The method '[Method] void write$default(truvideo.sdk.common.util.FileUtil p0, java.lang.String p1, java.lang.String p2, boolean p3, int p4, java.lang.Object p5)' was removed because its name contains a dollar sign.
The method '[Method] truvideo.sdk.common.util.JwtUtil access$getInstance$cp()' was removed because its name contains a dollar sign.
The method '[Method] truvideo.sdk.common.util.LogFileUtil access$getInstance$cp()' was removed because its name contains a dollar sign.
The method '[Method] truvideo.sdk.common.util.SettingsFactory access$getInstance$cp()' was removed because its name contains a dollar sign.
The method '[Method] com.russhwolf.settings.Settings.Factory create()' was removed because the Java return type 'com.russhwolf.settings.Settings.Factory' could not be found.
The field '[Field] truvideo.sdk.common.util.TruvideoSdkCommonExceptionParserKt.WhenMappings.$EnumSwitchMapping$0' was removed because its name contains a dollar sign.
The method '[Method] truvideo.sdk.common.util.TruvideoSdkDeviceUtil access$getInstance$cp()' was removed because its name contains a dollar sign.
The method '[Method] truvideo.sdk.common.util.TruvideoSdkNetworkUtil access$getInstance$cp()' was removed because its name contains a dollar sign.
The method '[Method] truvideo.sdk.common.util.UuidUtil access$getInstance$cp()' was removed because its name contains a dollar sign.

